This file contains any messages produced by compilers while
running configure, to aid debugging if configure makes a mistake.

It was created by libressl configure 2.1.6, which was
generated by GNU Autoconf 2.69.  Invocation command line was

  $ ./configure CC=/home/wrv/CircleSquareFuzzing/afl-1.83b/afl-gcc --no-create --no-recursion

## --------- ##
## Platform. ##
## --------- ##

hostname = pseudopolis
uname -m = x86_64
uname -r = 3.10.0-229.el7.x86_64
uname -s = Linux
uname -v = #1 SMP Thu Jan 29 18:37:38 EST 2015

/usr/bin/uname -p = x86_64
/bin/uname -X     = unknown

/bin/arch              = x86_64
/usr/bin/arch -k       = unknown
/usr/convex/getsysinfo = unknown
/usr/bin/hostinfo      = unknown
/bin/machine           = unknown
/usr/bin/oslevel       = unknown
/bin/universe          = unknown

PATH: /usr/local/bin
PATH: /usr/bin
PATH: /usr/local/sbin
PATH: /usr/sbin
PATH: /home/wrv/.local/bin
PATH: /home/wrv/bin


## ----------- ##
## Core tests. ##
## ----------- ##

configure:2319: checking build system type
configure:2333: result: x86_64-unknown-linux-gnu
configure:2353: checking host system type
configure:2366: result: x86_64-unknown-linux-gnu
configure:2402: checking for a BSD-compatible install
configure:2470: result: /usr/bin/install -c
configure:2481: checking whether build environment is sane
configure:2536: result: yes
configure:2687: checking for a thread-safe mkdir -p
configure:2726: result: /usr/bin/mkdir -p
configure:2733: checking for gawk
configure:2749: found /usr/bin/gawk
configure:2760: result: gawk
configure:2771: checking whether make sets $(MAKE)
configure:2793: result: yes
configure:2822: checking whether make supports nested variables
configure:2839: result: yes
configure:2936: checking whether make supports nested variables
configure:2953: result: yes
configure:3086: checking for style of include used by make
configure:3114: result: GNU
configure:3185: checking for gcc
configure:3212: result: /home/wrv/CircleSquareFuzzing/afl-1.83b/afl-gcc
configure:3441: checking for C compiler version
configure:3450: /home/wrv/CircleSquareFuzzing/afl-1.83b/afl-gcc --version >&5
gcc (GCC) 4.8.3 20140911 (Red Hat 4.8.3-9)
Copyright (C) 2013 Free Software Foundation, Inc.
This is free software; see the source for copying conditions.  There is NO
warranty; not even for MERCHANTABILITY or FITNESS FOR A PARTICULAR PURPOSE.

configure:3461: $? = 0
configure:3450: /home/wrv/CircleSquareFuzzing/afl-1.83b/afl-gcc -v >&5
Using built-in specs.
COLLECT_GCC=gcc
COLLECT_LTO_WRAPPER=/usr/libexec/gcc/x86_64-redhat-linux/4.8.3/lto-wrapper
Target: x86_64-redhat-linux
Configured with: ../configure --prefix=/usr --mandir=/usr/share/man --infodir=/usr/share/info --with-bugurl=http://bugzilla.redhat.com/bugzilla --enable-bootstrap --enable-shared --enable-threads=posix --enable-checking=release --with-system-zlib --enable-__cxa_atexit --disable-libunwind-exceptions --enable-gnu-unique-object --enable-linker-build-id --with-linker-hash-style=gnu --enable-languages=c,c++,objc,obj-c++,java,fortran,ada,go,lto --enable-plugin --enable-initfini-array --disable-libgcj --with-isl=/builddir/build/BUILD/gcc-4.8.3-20140911/obj-x86_64-redhat-linux/isl-install --with-cloog=/builddir/build/BUILD/gcc-4.8.3-20140911/obj-x86_64-redhat-linux/cloog-install --enable-gnu-indirect-function --with-tune=generic --with-arch_32=x86-64 --build=x86_64-redhat-linux
Thread model: posix
gcc version 4.8.3 20140911 (Red Hat 4.8.3-9) (GCC) 
configure:3461: $? = 0
configure:3450: /home/wrv/CircleSquareFuzzing/afl-1.83b/afl-gcc -V >&5
gcc: error: unrecognized command line option '-V'
gcc: fatal error: no input files
compilation terminated.
configure:3461: $? = 4
configure:3450: /home/wrv/CircleSquareFuzzing/afl-1.83b/afl-gcc -qversion >&5
gcc: error: unrecognized command line option '-qversion'
gcc: fatal error: no input files
compilation terminated.
configure:3461: $? = 4
configure:3481: checking whether the C compiler works
configure:3503: /home/wrv/CircleSquareFuzzing/afl-1.83b/afl-gcc -Wall -std=gnu99 -g -O2 -D_DEFAULT_SOURCE -D_BSD_SOURCE -D_POSIX_SOURCE -D_GNU_SOURCE   conftest.c  >&5
configure:3507: $? = 0
configure:3555: result: yes
configure:3558: checking for C compiler default output file name
configure:3560: result: a.out
configure:3566: checking for suffix of executables
configure:3573: /home/wrv/CircleSquareFuzzing/afl-1.83b/afl-gcc -o conftest -Wall -std=gnu99 -g -O2 -D_DEFAULT_SOURCE -D_BSD_SOURCE -D_POSIX_SOURCE -D_GNU_SOURCE   conftest.c  >&5
configure:3577: $? = 0
configure:3599: result: 
configure:3621: checking whether we are cross compiling
configure:3629: /home/wrv/CircleSquareFuzzing/afl-1.83b/afl-gcc -o conftest -Wall -std=gnu99 -g -O2 -D_DEFAULT_SOURCE -D_BSD_SOURCE -D_POSIX_SOURCE -D_GNU_SOURCE   conftest.c  >&5
configure:3633: $? = 0
configure:3640: ./conftest
configure:3644: $? = 0
configure:3659: result: no
configure:3664: checking for suffix of object files
configure:3686: /home/wrv/CircleSquareFuzzing/afl-1.83b/afl-gcc -c -Wall -std=gnu99 -g -O2 -D_DEFAULT_SOURCE -D_BSD_SOURCE -D_POSIX_SOURCE -D_GNU_SOURCE  conftest.c >&5
configure:3690: $? = 0
configure:3711: result: o
configure:3715: checking whether we are using the GNU C compiler
configure:3734: /home/wrv/CircleSquareFuzzing/afl-1.83b/afl-gcc -c -Wall -std=gnu99 -g -O2 -D_DEFAULT_SOURCE -D_BSD_SOURCE -D_POSIX_SOURCE -D_GNU_SOURCE  conftest.c >&5
configure:3734: $? = 0
configure:3743: result: yes
configure:3752: checking whether /home/wrv/CircleSquareFuzzing/afl-1.83b/afl-gcc accepts -g
configure:3772: /home/wrv/CircleSquareFuzzing/afl-1.83b/afl-gcc -c -g  conftest.c >&5
configure:3772: $? = 0
configure:3813: result: yes
configure:3830: checking for /home/wrv/CircleSquareFuzzing/afl-1.83b/afl-gcc option to accept ISO C89
configure:3893: /home/wrv/CircleSquareFuzzing/afl-1.83b/afl-gcc  -c -Wall -std=gnu99 -g -O2 -D_DEFAULT_SOURCE -D_BSD_SOURCE -D_POSIX_SOURCE -D_GNU_SOURCE  conftest.c >&5
configure:3893: $? = 0
configure:3906: result: none needed
configure:3928: checking dependency style of /home/wrv/CircleSquareFuzzing/afl-1.83b/afl-gcc
configure:4039: result: gcc3
configure:4055: checking for clock_gettime
configure:4055: /home/wrv/CircleSquareFuzzing/afl-1.83b/afl-gcc -o conftest -Wall -std=gnu99 -g -O2 -D_DEFAULT_SOURCE -D_BSD_SOURCE -D_POSIX_SOURCE -D_GNU_SOURCE   conftest.c  >&5
configure:4055: $? = 0
configure:4055: result: yes
configure:4118: checking for dl_iterate_phdr
configure:4118: /home/wrv/CircleSquareFuzzing/afl-1.83b/afl-gcc -o conftest -Wall -std=gnu99 -g -O2 -D_DEFAULT_SOURCE -D_BSD_SOURCE -D_POSIX_SOURCE -D_GNU_SOURCE   conftest.c  >&5
configure:4118: $? = 0
configure:4118: result: yes
configure:4229: checking for gcc
configure:4256: result: /home/wrv/CircleSquareFuzzing/afl-1.83b/afl-gcc
configure:4485: checking for C compiler version
configure:4494: /home/wrv/CircleSquareFuzzing/afl-1.83b/afl-gcc --version >&5
gcc (GCC) 4.8.3 20140911 (Red Hat 4.8.3-9)
Copyright (C) 2013 Free Software Foundation, Inc.
This is free software; see the source for copying conditions.  There is NO
warranty; not even for MERCHANTABILITY or FITNESS FOR A PARTICULAR PURPOSE.

configure:4505: $? = 0
configure:4494: /home/wrv/CircleSquareFuzzing/afl-1.83b/afl-gcc -v >&5
Using built-in specs.
COLLECT_GCC=gcc
COLLECT_LTO_WRAPPER=/usr/libexec/gcc/x86_64-redhat-linux/4.8.3/lto-wrapper
Target: x86_64-redhat-linux
Configured with: ../configure --prefix=/usr --mandir=/usr/share/man --infodir=/usr/share/info --with-bugurl=http://bugzilla.redhat.com/bugzilla --enable-bootstrap --enable-shared --enable-threads=posix --enable-checking=release --with-system-zlib --enable-__cxa_atexit --disable-libunwind-exceptions --enable-gnu-unique-object --enable-linker-build-id --with-linker-hash-style=gnu --enable-languages=c,c++,objc,obj-c++,java,fortran,ada,go,lto --enable-plugin --enable-initfini-array --disable-libgcj --with-isl=/builddir/build/BUILD/gcc-4.8.3-20140911/obj-x86_64-redhat-linux/isl-install --with-cloog=/builddir/build/BUILD/gcc-4.8.3-20140911/obj-x86_64-redhat-linux/cloog-install --enable-gnu-indirect-function --with-tune=generic --with-arch_32=x86-64 --build=x86_64-redhat-linux
Thread model: posix
gcc version 4.8.3 20140911 (Red Hat 4.8.3-9) (GCC) 
configure:4505: $? = 0
configure:4494: /home/wrv/CircleSquareFuzzing/afl-1.83b/afl-gcc -V >&5
gcc: error: unrecognized command line option '-V'
gcc: fatal error: no input files
compilation terminated.
configure:4505: $? = 4
configure:4494: /home/wrv/CircleSquareFuzzing/afl-1.83b/afl-gcc -qversion >&5
gcc: error: unrecognized command line option '-qversion'
gcc: fatal error: no input files
compilation terminated.
configure:4505: $? = 4
configure:4509: checking whether we are using the GNU C compiler
configure:4537: result: yes
configure:4546: checking whether /home/wrv/CircleSquareFuzzing/afl-1.83b/afl-gcc accepts -g
configure:4607: result: yes
configure:4624: checking for /home/wrv/CircleSquareFuzzing/afl-1.83b/afl-gcc option to accept ISO C89
configure:4700: result: none needed
configure:4722: checking dependency style of /home/wrv/CircleSquareFuzzing/afl-1.83b/afl-gcc
configure:4833: result: gcc3
configure:4894: checking how to print strings
configure:4921: result: printf
configure:4942: checking for a sed that does not truncate output
configure:5006: result: /usr/bin/sed
configure:5024: checking for grep that handles long lines and -e
configure:5082: result: /usr/bin/grep
configure:5087: checking for egrep
configure:5149: result: /usr/bin/grep -E
configure:5154: checking for fgrep
configure:5216: result: /usr/bin/grep -F
configure:5251: checking for ld used by /home/wrv/CircleSquareFuzzing/afl-1.83b/afl-gcc
configure:5318: result: /usr/bin/ld
configure:5325: checking if the linker (/usr/bin/ld) is GNU ld
configure:5340: result: yes
configure:5352: checking for BSD- or MS-compatible name lister (nm)
configure:5401: result: /usr/bin/nm -B
configure:5531: checking the name lister (/usr/bin/nm -B) interface
configure:5538: /home/wrv/CircleSquareFuzzing/afl-1.83b/afl-gcc -c -Wall -std=gnu99 -g -O2 -D_DEFAULT_SOURCE -D_BSD_SOURCE -D_POSIX_SOURCE -D_GNU_SOURCE  conftest.c >&5
configure:5541: /usr/bin/nm -B "conftest.o"
configure:5544: output
0000000000000000 B some_variable
configure:5551: result: BSD nm
configure:5554: checking whether ln -s works
configure:5558: result: yes
configure:5566: checking the maximum length of command line arguments
configure:5696: result: 1572864
configure:5713: checking whether the shell understands some XSI constructs
configure:5723: result: yes
configure:5727: checking whether the shell understands "+="
configure:5733: result: yes
configure:5768: checking how to convert x86_64-unknown-linux-gnu file names to x86_64-unknown-linux-gnu format
configure:5808: result: func_convert_file_noop
configure:5815: checking how to convert x86_64-unknown-linux-gnu file names to toolchain format
configure:5835: result: func_convert_file_noop
configure:5842: checking for /usr/bin/ld option to reload object files
configure:5849: result: -r
configure:5923: checking for objdump
configure:5939: found /usr/bin/objdump
configure:5950: result: objdump
configure:5982: checking how to recognize dependent libraries
configure:6184: result: pass_all
configure:6269: checking for dlltool
configure:6299: result: no
configure:6329: checking how to associate runtime and link libraries
configure:6356: result: printf %s\n
configure:6416: checking for ar
configure:6432: found /usr/bin/ar
configure:6443: result: ar
configure:6480: checking for archiver @FILE support
configure:6497: /home/wrv/CircleSquareFuzzing/afl-1.83b/afl-gcc -c -Wall -std=gnu99 -g -O2 -D_DEFAULT_SOURCE -D_BSD_SOURCE -D_POSIX_SOURCE -D_GNU_SOURCE  conftest.c >&5
configure:6497: $? = 0
configure:6500: ar cru libconftest.a @conftest.lst >&5
configure:6503: $? = 0
configure:6508: ar cru libconftest.a @conftest.lst >&5
ar: conftest.o: No such file or directory
configure:6511: $? = 1
configure:6523: result: @
configure:6581: checking for strip
configure:6597: found /usr/bin/strip
configure:6608: result: strip
configure:6680: checking for ranlib
configure:6696: found /usr/bin/ranlib
configure:6707: result: ranlib
configure:6809: checking command to parse /usr/bin/nm -B output from /home/wrv/CircleSquareFuzzing/afl-1.83b/afl-gcc object
configure:6929: /home/wrv/CircleSquareFuzzing/afl-1.83b/afl-gcc -c -Wall -std=gnu99 -g -O2 -D_DEFAULT_SOURCE -D_BSD_SOURCE -D_POSIX_SOURCE -D_GNU_SOURCE  conftest.c >&5
configure:6932: $? = 0
configure:6936: /usr/bin/nm -B conftest.o \| sed -n -e 's/^.*[ ]\([ABCDGIRSTW][ABCDGIRSTW]*\)[ ][ ]*\([_A-Za-z][_A-Za-z0-9]*\)$/\1 \2 \2/p' | sed '/ __gnu_lto/d' \> conftest.nm
configure:6939: $? = 0
configure:7005: /home/wrv/CircleSquareFuzzing/afl-1.83b/afl-gcc -o conftest -Wall -std=gnu99 -g -O2 -D_DEFAULT_SOURCE -D_BSD_SOURCE -D_POSIX_SOURCE -D_GNU_SOURCE   conftest.c conftstm.o >&5
configure:7008: $? = 0
configure:7046: result: ok
configure:7083: checking for sysroot
configure:7113: result: no
configure:7190: /home/wrv/CircleSquareFuzzing/afl-1.83b/afl-gcc -c -Wall -std=gnu99 -g -O2 -D_DEFAULT_SOURCE -D_BSD_SOURCE -D_POSIX_SOURCE -D_GNU_SOURCE  conftest.c >&5
configure:7193: $? = 0
configure:7369: checking for mt
configure:7399: result: no
configure:7419: checking if : is a manifest tool
configure:7425: : '-?'
configure:7433: result: no
configure:8075: checking how to run the C preprocessor
configure:8106: /home/wrv/CircleSquareFuzzing/afl-1.83b/afl-gcc -E  conftest.c
configure:8106: $? = 0
configure:8120: /home/wrv/CircleSquareFuzzing/afl-1.83b/afl-gcc -E  conftest.c
conftest.c:11:28: fatal error: ac_nonexistent.h: No such file or directory
 #include <ac_nonexistent.h>
                            ^
compilation terminated.
configure:8120: $? = 1
configure: failed program was:
| /* confdefs.h */
| #define PACKAGE_NAME "libressl"
| #define PACKAGE_TARNAME "libressl"
| #define PACKAGE_VERSION "2.1.6"
| #define PACKAGE_STRING "libressl 2.1.6"
| #define PACKAGE_BUGREPORT ""
| #define PACKAGE_URL ""
| #define PACKAGE "libressl"
| #define VERSION "2.1.6"
| /* end confdefs.h.  */
| #include <ac_nonexistent.h>
configure:8145: result: /home/wrv/CircleSquareFuzzing/afl-1.83b/afl-gcc -E
configure:8165: /home/wrv/CircleSquareFuzzing/afl-1.83b/afl-gcc -E  conftest.c
configure:8165: $? = 0
configure:8179: /home/wrv/CircleSquareFuzzing/afl-1.83b/afl-gcc -E  conftest.c
conftest.c:11:28: fatal error: ac_nonexistent.h: No such file or directory
 #include <ac_nonexistent.h>
                            ^
compilation terminated.
configure:8179: $? = 1
configure: failed program was:
| /* confdefs.h */
| #define PACKAGE_NAME "libressl"
| #define PACKAGE_TARNAME "libressl"
| #define PACKAGE_VERSION "2.1.6"
| #define PACKAGE_STRING "libressl 2.1.6"
| #define PACKAGE_BUGREPORT ""
| #define PACKAGE_URL ""
| #define PACKAGE "libressl"
| #define VERSION "2.1.6"
| /* end confdefs.h.  */
| #include <ac_nonexistent.h>
configure:8208: checking for ANSI C header files
configure:8228: /home/wrv/CircleSquareFuzzing/afl-1.83b/afl-gcc -c -Wall -std=gnu99 -g -O2 -D_DEFAULT_SOURCE -D_BSD_SOURCE -D_POSIX_SOURCE -D_GNU_SOURCE  conftest.c >&5
configure:8228: $? = 0
configure:8301: /home/wrv/CircleSquareFuzzing/afl-1.83b/afl-gcc -o conftest -Wall -std=gnu99 -g -O2 -D_DEFAULT_SOURCE -D_BSD_SOURCE -D_POSIX_SOURCE -D_GNU_SOURCE   conftest.c  >&5
configure:8301: $? = 0
configure:8301: ./conftest
configure:8301: $? = 0
configure:8312: result: yes
configure:8325: checking for sys/types.h
configure:8325: /home/wrv/CircleSquareFuzzing/afl-1.83b/afl-gcc -c -Wall -std=gnu99 -g -O2 -D_DEFAULT_SOURCE -D_BSD_SOURCE -D_POSIX_SOURCE -D_GNU_SOURCE  conftest.c >&5
configure:8325: $? = 0
configure:8325: result: yes
configure:8325: checking for sys/stat.h
configure:8325: /home/wrv/CircleSquareFuzzing/afl-1.83b/afl-gcc -c -Wall -std=gnu99 -g -O2 -D_DEFAULT_SOURCE -D_BSD_SOURCE -D_POSIX_SOURCE -D_GNU_SOURCE  conftest.c >&5
configure:8325: $? = 0
configure:8325: result: yes
configure:8325: checking for stdlib.h
configure:8325: /home/wrv/CircleSquareFuzzing/afl-1.83b/afl-gcc -c -Wall -std=gnu99 -g -O2 -D_DEFAULT_SOURCE -D_BSD_SOURCE -D_POSIX_SOURCE -D_GNU_SOURCE  conftest.c >&5
configure:8325: $? = 0
configure:8325: result: yes
configure:8325: checking for string.h
configure:8325: /home/wrv/CircleSquareFuzzing/afl-1.83b/afl-gcc -c -Wall -std=gnu99 -g -O2 -D_DEFAULT_SOURCE -D_BSD_SOURCE -D_POSIX_SOURCE -D_GNU_SOURCE  conftest.c >&5
configure:8325: $? = 0
configure:8325: result: yes
configure:8325: checking for memory.h
configure:8325: /home/wrv/CircleSquareFuzzing/afl-1.83b/afl-gcc -c -Wall -std=gnu99 -g -O2 -D_DEFAULT_SOURCE -D_BSD_SOURCE -D_POSIX_SOURCE -D_GNU_SOURCE  conftest.c >&5
configure:8325: $? = 0
configure:8325: result: yes
configure:8325: checking for strings.h
configure:8325: /home/wrv/CircleSquareFuzzing/afl-1.83b/afl-gcc -c -Wall -std=gnu99 -g -O2 -D_DEFAULT_SOURCE -D_BSD_SOURCE -D_POSIX_SOURCE -D_GNU_SOURCE  conftest.c >&5
configure:8325: $? = 0
configure:8325: result: yes
configure:8325: checking for inttypes.h
configure:8325: /home/wrv/CircleSquareFuzzing/afl-1.83b/afl-gcc -c -Wall -std=gnu99 -g -O2 -D_DEFAULT_SOURCE -D_BSD_SOURCE -D_POSIX_SOURCE -D_GNU_SOURCE  conftest.c >&5
configure:8325: $? = 0
configure:8325: result: yes
configure:8325: checking for stdint.h
configure:8325: /home/wrv/CircleSquareFuzzing/afl-1.83b/afl-gcc -c -Wall -std=gnu99 -g -O2 -D_DEFAULT_SOURCE -D_BSD_SOURCE -D_POSIX_SOURCE -D_GNU_SOURCE  conftest.c >&5
configure:8325: $? = 0
configure:8325: result: yes
configure:8325: checking for unistd.h
configure:8325: /home/wrv/CircleSquareFuzzing/afl-1.83b/afl-gcc -c -Wall -std=gnu99 -g -O2 -D_DEFAULT_SOURCE -D_BSD_SOURCE -D_POSIX_SOURCE -D_GNU_SOURCE  conftest.c >&5
configure:8325: $? = 0
configure:8325: result: yes
configure:8339: checking for dlfcn.h
configure:8339: /home/wrv/CircleSquareFuzzing/afl-1.83b/afl-gcc -c -Wall -std=gnu99 -g -O2 -D_DEFAULT_SOURCE -D_BSD_SOURCE -D_POSIX_SOURCE -D_GNU_SOURCE  conftest.c >&5
configure:8339: $? = 0
configure:8339: result: yes
configure:8545: checking for objdir
configure:8560: result: .libs
configure:8831: checking if /home/wrv/CircleSquareFuzzing/afl-1.83b/afl-gcc supports -fno-rtti -fno-exceptions
configure:8849: /home/wrv/CircleSquareFuzzing/afl-1.83b/afl-gcc -c -Wall -std=gnu99 -g -O2 -D_DEFAULT_SOURCE -D_BSD_SOURCE -D_POSIX_SOURCE -D_GNU_SOURCE  -fno-rtti -fno-exceptions conftest.c >&5
cc1: warning: command line option '-fno-rtti' is valid for C++/ObjC++ but not for C [enabled by default]
configure:8853: $? = 0
configure:8866: result: no
configure:9193: checking for /home/wrv/CircleSquareFuzzing/afl-1.83b/afl-gcc option to produce PIC
configure:9200: result: -fPIC -DPIC
configure:9208: checking if /home/wrv/CircleSquareFuzzing/afl-1.83b/afl-gcc PIC flag -fPIC -DPIC works
configure:9226: /home/wrv/CircleSquareFuzzing/afl-1.83b/afl-gcc -c -Wall -std=gnu99 -g -O2 -D_DEFAULT_SOURCE -D_BSD_SOURCE -D_POSIX_SOURCE -D_GNU_SOURCE  -fPIC -DPIC -DPIC conftest.c >&5
configure:9230: $? = 0
configure:9243: result: yes
configure:9272: checking if /home/wrv/CircleSquareFuzzing/afl-1.83b/afl-gcc static flag -static works
configure:9300: result: no
configure:9315: checking if /home/wrv/CircleSquareFuzzing/afl-1.83b/afl-gcc supports -c -o file.o
configure:9336: /home/wrv/CircleSquareFuzzing/afl-1.83b/afl-gcc -c -Wall -std=gnu99 -g -O2 -D_DEFAULT_SOURCE -D_BSD_SOURCE -D_POSIX_SOURCE -D_GNU_SOURCE  -o out/conftest2.o conftest.c >&5
configure:9340: $? = 0
configure:9362: result: yes
configure:9370: checking if /home/wrv/CircleSquareFuzzing/afl-1.83b/afl-gcc supports -c -o file.o
configure:9417: result: yes
configure:9450: checking whether the /home/wrv/CircleSquareFuzzing/afl-1.83b/afl-gcc linker (/usr/bin/ld -m elf_x86_64) supports shared libraries
configure:10603: result: yes
configure:10640: checking whether -lc should be explicitly linked in
configure:10648: /home/wrv/CircleSquareFuzzing/afl-1.83b/afl-gcc -c -Wall -std=gnu99 -g -O2 -D_DEFAULT_SOURCE -D_BSD_SOURCE -D_POSIX_SOURCE -D_GNU_SOURCE  conftest.c >&5
configure:10651: $? = 0
configure:10666: /home/wrv/CircleSquareFuzzing/afl-1.83b/afl-gcc -shared  -fPIC -DPIC conftest.o  -v -Wl,-soname -Wl,conftest -o conftest 2\>\&1 \| /usr/bin/grep  -lc  \>/dev/null 2\>\&1
configure:10669: $? = 0
configure:10683: result: no
configure:10843: checking dynamic linker characteristics
configure:11354: /home/wrv/CircleSquareFuzzing/afl-1.83b/afl-gcc -o conftest -Wall -std=gnu99 -g -O2 -D_DEFAULT_SOURCE -D_BSD_SOURCE -D_POSIX_SOURCE -D_GNU_SOURCE   -Wl,-rpath -Wl,/foo conftest.c  >&5
configure:11354: $? = 0
configure:11580: result: GNU/Linux ld.so
configure:11687: checking how to hardcode library paths into programs
configure:11712: result: immediate
configure:12252: checking whether stripping libraries is possible
configure:12257: result: yes
configure:12292: checking if libtool supports shared libraries
configure:12294: result: yes
configure:12297: checking whether to build shared libraries
configure:12318: result: yes
configure:12321: checking whether to build static libraries
configure:12325: result: yes
configure:12366: checking for /home/wrv/CircleSquareFuzzing/afl-1.83b/afl-gcc option to accept ISO C99
configure:12515: /home/wrv/CircleSquareFuzzing/afl-1.83b/afl-gcc  -c -Wall -std=gnu99 -g -O2 -D_DEFAULT_SOURCE -D_BSD_SOURCE -D_POSIX_SOURCE -D_GNU_SOURCE  conftest.c >&5
conftest.c: In function 'test_varargs':
conftest.c:94:9: warning: variable 'fnumber' set but not used [-Wunused-but-set-variable]
   float fnumber;
         ^
conftest.c:93:7: warning: variable 'number' set but not used [-Wunused-but-set-variable]
   int number;
       ^
conftest.c:92:15: warning: variable 'str' set but not used [-Wunused-but-set-variable]
   const char *str;
               ^
configure:12515: $? = 0
configure:12528: result: none needed
configure:12636: checking for /home/wrv/CircleSquareFuzzing/afl-1.83b/afl-gcc option to accept ISO Standard C
configure:12647: result: none needed
configure:12655: checking whether /home/wrv/CircleSquareFuzzing/afl-1.83b/afl-gcc and cc understand -c and -o together
configure:12686: /home/wrv/CircleSquareFuzzing/afl-1.83b/afl-gcc -c conftest.c -o conftest2.o >&5
configure:12690: $? = 0
configure:12696: /home/wrv/CircleSquareFuzzing/afl-1.83b/afl-gcc -c conftest.c -o conftest2.o >&5
configure:12700: $? = 0
configure:12711: cc -c conftest.c >&5
configure:12715: $? = 0
configure:12723: cc -c conftest.c -o conftest2.o >&5
configure:12727: $? = 0
configure:12733: cc -c conftest.c -o conftest2.o >&5
configure:12737: $? = 0
configure:12755: result: yes
configure:12781: checking if compiling with clang
configure:12798: /home/wrv/CircleSquareFuzzing/afl-1.83b/afl-gcc -c -Wall -std=gnu99 -g -O2 -D_DEFAULT_SOURCE -D_BSD_SOURCE -D_POSIX_SOURCE -D_GNU_SOURCE  conftest.c >&5
conftest.c: In function 'main':
conftest.c:29:2: error: unknown type name 'not'
  not clang
  ^
conftest.c:29:6: warning: unused variable 'clang' [-Wunused-variable]
  not clang
      ^
configure:12798: $? = 1
configure: failed program was:
| /* confdefs.h */
| #define PACKAGE_NAME "libressl"
| #define PACKAGE_TARNAME "libressl"
| #define PACKAGE_VERSION "2.1.6"
| #define PACKAGE_STRING "libressl 2.1.6"
| #define PACKAGE_BUGREPORT ""
| #define PACKAGE_URL ""
| #define PACKAGE "libressl"
| #define VERSION "2.1.6"
| #define STDC_HEADERS 1
| #define HAVE_SYS_TYPES_H 1
| #define HAVE_SYS_STAT_H 1
| #define HAVE_STDLIB_H 1
| #define HAVE_STRING_H 1
| #define HAVE_MEMORY_H 1
| #define HAVE_STRINGS_H 1
| #define HAVE_INTTYPES_H 1
| #define HAVE_STDINT_H 1
| #define HAVE_UNISTD_H 1
| #define HAVE_DLFCN_H 1
| #define LT_OBJDIR ".libs/"
| /* end confdefs.h.  */
| 
| int
| main ()
| {
| 
| #ifndef __clang__
| 	not clang
| #endif
| 
|   ;
|   return 0;
| }
configure:12805: result: no
configure:12843: checking if /home/wrv/CircleSquareFuzzing/afl-1.83b/afl-gcc supports "-fno-strict-overflow"
configure:12860: ./scripts/wrap-compiler-for-flag-check /home/wrv/CircleSquareFuzzing/afl-1.83b/afl-gcc -o conftest -fno-strict-overflow -Wall -Werror   conftest.c  >&5

configure:12860: $? = 0
configure:12861: result: yes
configure:12878: checking if /home/wrv/CircleSquareFuzzing/afl-1.83b/afl-gcc supports "-D_FORTIFY_SOURCE=2"
configure:12895: ./scripts/wrap-compiler-for-flag-check /home/wrv/CircleSquareFuzzing/afl-1.83b/afl-gcc -o conftest -D_FORTIFY_SOURCE=2 -Wall -Werror   conftest.c  >&5

configure:12895: $? = 0
configure:12896: result: yes
configure:12913: checking if /usr/bin/ld -m elf_x86_64 supports "-Wl,-z,relro"
configure:12930: ./scripts/wrap-compiler-for-flag-check /home/wrv/CircleSquareFuzzing/afl-1.83b/afl-gcc -o conftest -Wall -std=gnu99 -g -O2 -D_DEFAULT_SOURCE -D_BSD_SOURCE -D_POSIX_SOURCE -D_GNU_SOURCE  -Wl,-z,relro -Wall -Werror conftest.c  >&5

configure:12930: $? = 0
configure:12931: result: yes
configure:12946: checking if /usr/bin/ld -m elf_x86_64 supports "-Wl,-z,now"
configure:12963: ./scripts/wrap-compiler-for-flag-check /home/wrv/CircleSquareFuzzing/afl-1.83b/afl-gcc -o conftest -Wall -std=gnu99 -g -O2 -D_DEFAULT_SOURCE -D_BSD_SOURCE -D_POSIX_SOURCE -D_GNU_SOURCE  -Wl,-z,now -Wall -Werror conftest.c  >&5

configure:12963: $? = 0
configure:12964: result: yes
configure:13089: checking if /home/wrv/CircleSquareFuzzing/afl-1.83b/afl-gcc supports "-fstack-protector-strong"
configure:13106: ./scripts/wrap-compiler-for-flag-check /home/wrv/CircleSquareFuzzing/afl-1.83b/afl-gcc -o conftest -fstack-protector-strong -Wall -Werror   conftest.c  >&5

configure:13106: $? = 0
configure:13107: result: yes
configure:13231: checking whether CC supports -Wno-pointer-sign
configure:13244: /home/wrv/CircleSquareFuzzing/afl-1.83b/afl-gcc -c -Wno-pointer-sign  conftest.c >&5
configure:13244: $? = 0
configure:13245: result: yes
configure:13258: checking whether AS supports .note.GNU-stack
configure:13272: /home/wrv/CircleSquareFuzzing/afl-1.83b/afl-gcc -c   conftest.c >&5
configure:13272: $? = 0
configure:13273: result: yes
configure:13292: checking dependency style of /home/wrv/CircleSquareFuzzing/afl-1.83b/afl-gcc
configure:13401: result: gcc3
configure:13423: checking for arc4random_buf
configure:13423: /home/wrv/CircleSquareFuzzing/afl-1.83b/afl-gcc -o conftest -Wall -std=gnu99 -g -O2 -D_DEFAULT_SOURCE -D_BSD_SOURCE -D_POSIX_SOURCE -D_GNU_SOURCE  -fno-strict-overflow -D_FORTIFY_SOURCE=2 -fstack-protector-strong -Wno-pointer-sign -DHAVE_GNU_STACK     -Wl,-z,relro -Wl,-z,now  conftest.c  >&5
/tmp/ccUpNsnm.o: In function `main':
/home/wrv/CircleSquareFuzzing/afl-1.83b/libressl-2.1.6/conftest.c:57: undefined reference to `arc4random_buf'
collect2: error: ld returned 1 exit status
configure:13423: $? = 1
configure: failed program was:
| /* confdefs.h */
| #define PACKAGE_NAME "libressl"
| #define PACKAGE_TARNAME "libressl"
| #define PACKAGE_VERSION "2.1.6"
| #define PACKAGE_STRING "libressl 2.1.6"
| #define PACKAGE_BUGREPORT ""
| #define PACKAGE_URL ""
| #define PACKAGE "libressl"
| #define VERSION "2.1.6"
| #define STDC_HEADERS 1
| #define HAVE_SYS_TYPES_H 1
| #define HAVE_SYS_STAT_H 1
| #define HAVE_STDLIB_H 1
| #define HAVE_STRING_H 1
| #define HAVE_MEMORY_H 1
| #define HAVE_STRINGS_H 1
| #define HAVE_INTTYPES_H 1
| #define HAVE_STDINT_H 1
| #define HAVE_UNISTD_H 1
| #define HAVE_DLFCN_H 1
| #define LT_OBJDIR ".libs/"
| /* end confdefs.h.  */
| /* Define arc4random_buf to an innocuous variant, in case <limits.h> declares arc4random_buf.
|    For example, HP-UX 11i <limits.h> declares gettimeofday.  */
| #define arc4random_buf innocuous_arc4random_buf
| 
| /* System header to define __stub macros and hopefully few prototypes,
|     which can conflict with char arc4random_buf (); below.
|     Prefer <limits.h> to <assert.h> if __STDC__ is defined, since
|     <limits.h> exists even on freestanding compilers.  */
| 
| #ifdef __STDC__
| # include <limits.h>
| #else
| # include <assert.h>
| #endif
| 
| #undef arc4random_buf
| 
| /* Override any GCC internal prototype to avoid an error.
|    Use char because int might match the return type of a GCC
|    builtin and then its argument prototype would still apply.  */
| #ifdef __cplusplus
| extern "C"
| #endif
| char arc4random_buf ();
| /* The GNU C library defines this for functions which it implements
|     to always fail with ENOSYS.  Some functions are actually named
|     something starting with __ and the normal name is an alias.  */
| #if defined __stub_arc4random_buf || defined __stub___arc4random_buf
| choke me
| #endif
| 
| int
| main ()
| {
| return arc4random_buf ();
|   ;
|   return 0;
| }
configure:13423: result: no
configure:13423: checking for asprintf
configure:13423: /home/wrv/CircleSquareFuzzing/afl-1.83b/afl-gcc -o conftest -Wall -std=gnu99 -g -O2 -D_DEFAULT_SOURCE -D_BSD_SOURCE -D_POSIX_SOURCE -D_GNU_SOURCE  -fno-strict-overflow -D_FORTIFY_SOURCE=2 -fstack-protector-strong -Wno-pointer-sign -DHAVE_GNU_STACK     -Wl,-z,relro -Wl,-z,now  conftest.c  >&5
configure:13423: $? = 0
configure:13423: result: yes
configure:13423: checking for explicit_bzero
configure:13423: /home/wrv/CircleSquareFuzzing/afl-1.83b/afl-gcc -o conftest -Wall -std=gnu99 -g -O2 -D_DEFAULT_SOURCE -D_BSD_SOURCE -D_POSIX_SOURCE -D_GNU_SOURCE  -fno-strict-overflow -D_FORTIFY_SOURCE=2 -fstack-protector-strong -Wno-pointer-sign -DHAVE_GNU_STACK     -Wl,-z,relro -Wl,-z,now  conftest.c  >&5
/tmp/ccHSUKcx.o: In function `main':
/home/wrv/CircleSquareFuzzing/afl-1.83b/libressl-2.1.6/conftest.c:58: undefined reference to `explicit_bzero'
collect2: error: ld returned 1 exit status
configure:13423: $? = 1
configure: failed program was:
| /* confdefs.h */
| #define PACKAGE_NAME "libressl"
| #define PACKAGE_TARNAME "libressl"
| #define PACKAGE_VERSION "2.1.6"
| #define PACKAGE_STRING "libressl 2.1.6"
| #define PACKAGE_BUGREPORT ""
| #define PACKAGE_URL ""
| #define PACKAGE "libressl"
| #define VERSION "2.1.6"
| #define STDC_HEADERS 1
| #define HAVE_SYS_TYPES_H 1
| #define HAVE_SYS_STAT_H 1
| #define HAVE_STDLIB_H 1
| #define HAVE_STRING_H 1
| #define HAVE_MEMORY_H 1
| #define HAVE_STRINGS_H 1
| #define HAVE_INTTYPES_H 1
| #define HAVE_STDINT_H 1
| #define HAVE_UNISTD_H 1
| #define HAVE_DLFCN_H 1
| #define LT_OBJDIR ".libs/"
| #define HAVE_ASPRINTF 1
| /* end confdefs.h.  */
| /* Define explicit_bzero to an innocuous variant, in case <limits.h> declares explicit_bzero.
|    For example, HP-UX 11i <limits.h> declares gettimeofday.  */
| #define explicit_bzero innocuous_explicit_bzero
| 
| /* System header to define __stub macros and hopefully few prototypes,
|     which can conflict with char explicit_bzero (); below.
|     Prefer <limits.h> to <assert.h> if __STDC__ is defined, since
|     <limits.h> exists even on freestanding compilers.  */
| 
| #ifdef __STDC__
| # include <limits.h>
| #else
| # include <assert.h>
| #endif
| 
| #undef explicit_bzero
| 
| /* Override any GCC internal prototype to avoid an error.
|    Use char because int might match the return type of a GCC
|    builtin and then its argument prototype would still apply.  */
| #ifdef __cplusplus
| extern "C"
| #endif
| char explicit_bzero ();
| /* The GNU C library defines this for functions which it implements
|     to always fail with ENOSYS.  Some functions are actually named
|     something starting with __ and the normal name is an alias.  */
| #if defined __stub_explicit_bzero || defined __stub___explicit_bzero
| choke me
| #endif
| 
| int
| main ()
| {
| return explicit_bzero ();
|   ;
|   return 0;
| }
configure:13423: result: no
configure:13423: checking for funopen
configure:13423: /home/wrv/CircleSquareFuzzing/afl-1.83b/afl-gcc -o conftest -Wall -std=gnu99 -g -O2 -D_DEFAULT_SOURCE -D_BSD_SOURCE -D_POSIX_SOURCE -D_GNU_SOURCE  -fno-strict-overflow -D_FORTIFY_SOURCE=2 -fstack-protector-strong -Wno-pointer-sign -DHAVE_GNU_STACK     -Wl,-z,relro -Wl,-z,now  conftest.c  >&5
/tmp/ccYOvnPB.o: In function `main':
/home/wrv/CircleSquareFuzzing/afl-1.83b/libressl-2.1.6/conftest.c:58: undefined reference to `funopen'
collect2: error: ld returned 1 exit status
configure:13423: $? = 1
configure: failed program was:
| /* confdefs.h */
| #define PACKAGE_NAME "libressl"
| #define PACKAGE_TARNAME "libressl"
| #define PACKAGE_VERSION "2.1.6"
| #define PACKAGE_STRING "libressl 2.1.6"
| #define PACKAGE_BUGREPORT ""
| #define PACKAGE_URL ""
| #define PACKAGE "libressl"
| #define VERSION "2.1.6"
| #define STDC_HEADERS 1
| #define HAVE_SYS_TYPES_H 1
| #define HAVE_SYS_STAT_H 1
| #define HAVE_STDLIB_H 1
| #define HAVE_STRING_H 1
| #define HAVE_MEMORY_H 1
| #define HAVE_STRINGS_H 1
| #define HAVE_INTTYPES_H 1
| #define HAVE_STDINT_H 1
| #define HAVE_UNISTD_H 1
| #define HAVE_DLFCN_H 1
| #define LT_OBJDIR ".libs/"
| #define HAVE_ASPRINTF 1
| /* end confdefs.h.  */
| /* Define funopen to an innocuous variant, in case <limits.h> declares funopen.
|    For example, HP-UX 11i <limits.h> declares gettimeofday.  */
| #define funopen innocuous_funopen
| 
| /* System header to define __stub macros and hopefully few prototypes,
|     which can conflict with char funopen (); below.
|     Prefer <limits.h> to <assert.h> if __STDC__ is defined, since
|     <limits.h> exists even on freestanding compilers.  */
| 
| #ifdef __STDC__
| # include <limits.h>
| #else
| # include <assert.h>
| #endif
| 
| #undef funopen
| 
| /* Override any GCC internal prototype to avoid an error.
|    Use char because int might match the return type of a GCC
|    builtin and then its argument prototype would still apply.  */
| #ifdef __cplusplus
| extern "C"
| #endif
| char funopen ();
| /* The GNU C library defines this for functions which it implements
|     to always fail with ENOSYS.  Some functions are actually named
|     something starting with __ and the normal name is an alias.  */
| #if defined __stub_funopen || defined __stub___funopen
| choke me
| #endif
| 
| int
| main ()
| {
| return funopen ();
|   ;
|   return 0;
| }
configure:13423: result: no
configure:13423: checking for getauxval
configure:13423: /home/wrv/CircleSquareFuzzing/afl-1.83b/afl-gcc -o conftest -Wall -std=gnu99 -g -O2 -D_DEFAULT_SOURCE -D_BSD_SOURCE -D_POSIX_SOURCE -D_GNU_SOURCE  -fno-strict-overflow -D_FORTIFY_SOURCE=2 -fstack-protector-strong -Wno-pointer-sign -DHAVE_GNU_STACK     -Wl,-z,relro -Wl,-z,now  conftest.c  >&5
configure:13423: $? = 0
configure:13423: result: yes
configure:13435: checking for getentropy
configure:13435: /home/wrv/CircleSquareFuzzing/afl-1.83b/afl-gcc -o conftest -Wall -std=gnu99 -g -O2 -D_DEFAULT_SOURCE -D_BSD_SOURCE -D_POSIX_SOURCE -D_GNU_SOURCE  -fno-strict-overflow -D_FORTIFY_SOURCE=2 -fstack-protector-strong -Wno-pointer-sign -DHAVE_GNU_STACK     -Wl,-z,relro -Wl,-z,now  conftest.c  >&5
/tmp/ccYqh3dM.o: In function `main':
/home/wrv/CircleSquareFuzzing/afl-1.83b/libressl-2.1.6/conftest.c:59: undefined reference to `getentropy'
collect2: error: ld returned 1 exit status
configure:13435: $? = 1
configure: failed program was:
| /* confdefs.h */
| #define PACKAGE_NAME "libressl"
| #define PACKAGE_TARNAME "libressl"
| #define PACKAGE_VERSION "2.1.6"
| #define PACKAGE_STRING "libressl 2.1.6"
| #define PACKAGE_BUGREPORT ""
| #define PACKAGE_URL ""
| #define PACKAGE "libressl"
| #define VERSION "2.1.6"
| #define STDC_HEADERS 1
| #define HAVE_SYS_TYPES_H 1
| #define HAVE_SYS_STAT_H 1
| #define HAVE_STDLIB_H 1
| #define HAVE_STRING_H 1
| #define HAVE_MEMORY_H 1
| #define HAVE_STRINGS_H 1
| #define HAVE_INTTYPES_H 1
| #define HAVE_STDINT_H 1
| #define HAVE_UNISTD_H 1
| #define HAVE_DLFCN_H 1
| #define LT_OBJDIR ".libs/"
| #define HAVE_ASPRINTF 1
| #define HAVE_GETAUXVAL 1
| /* end confdefs.h.  */
| /* Define getentropy to an innocuous variant, in case <limits.h> declares getentropy.
|    For example, HP-UX 11i <limits.h> declares gettimeofday.  */
| #define getentropy innocuous_getentropy
| 
| /* System header to define __stub macros and hopefully few prototypes,
|     which can conflict with char getentropy (); below.
|     Prefer <limits.h> to <assert.h> if __STDC__ is defined, since
|     <limits.h> exists even on freestanding compilers.  */
| 
| #ifdef __STDC__
| # include <limits.h>
| #else
| # include <assert.h>
| #endif
| 
| #undef getentropy
| 
| /* Override any GCC internal prototype to avoid an error.
|    Use char because int might match the return type of a GCC
|    builtin and then its argument prototype would still apply.  */
| #ifdef __cplusplus
| extern "C"
| #endif
| char getentropy ();
| /* The GNU C library defines this for functions which it implements
|     to always fail with ENOSYS.  Some functions are actually named
|     something starting with __ and the normal name is an alias.  */
| #if defined __stub_getentropy || defined __stub___getentropy
| choke me
| #endif
| 
| int
| main ()
| {
| return getentropy ();
|   ;
|   return 0;
| }
configure:13435: result: no
configure:13435: checking for issetugid
configure:13435: /home/wrv/CircleSquareFuzzing/afl-1.83b/afl-gcc -o conftest -Wall -std=gnu99 -g -O2 -D_DEFAULT_SOURCE -D_BSD_SOURCE -D_POSIX_SOURCE -D_GNU_SOURCE  -fno-strict-overflow -D_FORTIFY_SOURCE=2 -fstack-protector-strong -Wno-pointer-sign -DHAVE_GNU_STACK     -Wl,-z,relro -Wl,-z,now  conftest.c  >&5
/tmp/ccTo6xiR.o: In function `main':
/home/wrv/CircleSquareFuzzing/afl-1.83b/libressl-2.1.6/conftest.c:59: undefined reference to `issetugid'
collect2: error: ld returned 1 exit status
configure:13435: $? = 1
configure: failed program was:
| /* confdefs.h */
| #define PACKAGE_NAME "libressl"
| #define PACKAGE_TARNAME "libressl"
| #define PACKAGE_VERSION "2.1.6"
| #define PACKAGE_STRING "libressl 2.1.6"
| #define PACKAGE_BUGREPORT ""
| #define PACKAGE_URL ""
| #define PACKAGE "libressl"
| #define VERSION "2.1.6"
| #define STDC_HEADERS 1
| #define HAVE_SYS_TYPES_H 1
| #define HAVE_SYS_STAT_H 1
| #define HAVE_STDLIB_H 1
| #define HAVE_STRING_H 1
| #define HAVE_MEMORY_H 1
| #define HAVE_STRINGS_H 1
| #define HAVE_INTTYPES_H 1
| #define HAVE_STDINT_H 1
| #define HAVE_UNISTD_H 1
| #define HAVE_DLFCN_H 1
| #define LT_OBJDIR ".libs/"
| #define HAVE_ASPRINTF 1
| #define HAVE_GETAUXVAL 1
| /* end confdefs.h.  */
| /* Define issetugid to an innocuous variant, in case <limits.h> declares issetugid.
|    For example, HP-UX 11i <limits.h> declares gettimeofday.  */
| #define issetugid innocuous_issetugid
| 
| /* System header to define __stub macros and hopefully few prototypes,
|     which can conflict with char issetugid (); below.
|     Prefer <limits.h> to <assert.h> if __STDC__ is defined, since
|     <limits.h> exists even on freestanding compilers.  */
| 
| #ifdef __STDC__
| # include <limits.h>
| #else
| # include <assert.h>
| #endif
| 
| #undef issetugid
| 
| /* Override any GCC internal prototype to avoid an error.
|    Use char because int might match the return type of a GCC
|    builtin and then its argument prototype would still apply.  */
| #ifdef __cplusplus
| extern "C"
| #endif
| char issetugid ();
| /* The GNU C library defines this for functions which it implements
|     to always fail with ENOSYS.  Some functions are actually named
|     something starting with __ and the normal name is an alias.  */
| #if defined __stub_issetugid || defined __stub___issetugid
| choke me
| #endif
| 
| int
| main ()
| {
| return issetugid ();
|   ;
|   return 0;
| }
configure:13435: result: no
configure:13435: checking for memmem
configure:13435: /home/wrv/CircleSquareFuzzing/afl-1.83b/afl-gcc -o conftest -Wall -std=gnu99 -g -O2 -D_DEFAULT_SOURCE -D_BSD_SOURCE -D_POSIX_SOURCE -D_GNU_SOURCE  -fno-strict-overflow -D_FORTIFY_SOURCE=2 -fstack-protector-strong -Wno-pointer-sign -DHAVE_GNU_STACK     -Wl,-z,relro -Wl,-z,now  conftest.c  >&5
configure:13435: $? = 0
configure:13435: result: yes
configure:13435: checking for poll
configure:13435: /home/wrv/CircleSquareFuzzing/afl-1.83b/afl-gcc -o conftest -Wall -std=gnu99 -g -O2 -D_DEFAULT_SOURCE -D_BSD_SOURCE -D_POSIX_SOURCE -D_GNU_SOURCE  -fno-strict-overflow -D_FORTIFY_SOURCE=2 -fstack-protector-strong -Wno-pointer-sign -DHAVE_GNU_STACK     -Wl,-z,relro -Wl,-z,now  conftest.c  >&5
configure:13435: $? = 0
configure:13435: result: yes
configure:13435: checking for reallocarray
configure:13435: /home/wrv/CircleSquareFuzzing/afl-1.83b/afl-gcc -o conftest -Wall -std=gnu99 -g -O2 -D_DEFAULT_SOURCE -D_BSD_SOURCE -D_POSIX_SOURCE -D_GNU_SOURCE  -fno-strict-overflow -D_FORTIFY_SOURCE=2 -fstack-protector-strong -Wno-pointer-sign -DHAVE_GNU_STACK     -Wl,-z,relro -Wl,-z,now  conftest.c  >&5
/tmp/cczKpvk4.o: In function `main':
/home/wrv/CircleSquareFuzzing/afl-1.83b/libressl-2.1.6/conftest.c:61: undefined reference to `reallocarray'
collect2: error: ld returned 1 exit status
configure:13435: $? = 1
configure: failed program was:
| /* confdefs.h */
| #define PACKAGE_NAME "libressl"
| #define PACKAGE_TARNAME "libressl"
| #define PACKAGE_VERSION "2.1.6"
| #define PACKAGE_STRING "libressl 2.1.6"
| #define PACKAGE_BUGREPORT ""
| #define PACKAGE_URL ""
| #define PACKAGE "libressl"
| #define VERSION "2.1.6"
| #define STDC_HEADERS 1
| #define HAVE_SYS_TYPES_H 1
| #define HAVE_SYS_STAT_H 1
| #define HAVE_STDLIB_H 1
| #define HAVE_STRING_H 1
| #define HAVE_MEMORY_H 1
| #define HAVE_STRINGS_H 1
| #define HAVE_INTTYPES_H 1
| #define HAVE_STDINT_H 1
| #define HAVE_UNISTD_H 1
| #define HAVE_DLFCN_H 1
| #define LT_OBJDIR ".libs/"
| #define HAVE_ASPRINTF 1
| #define HAVE_GETAUXVAL 1
| #define HAVE_MEMMEM 1
| #define HAVE_POLL 1
| /* end confdefs.h.  */
| /* Define reallocarray to an innocuous variant, in case <limits.h> declares reallocarray.
|    For example, HP-UX 11i <limits.h> declares gettimeofday.  */
| #define reallocarray innocuous_reallocarray
| 
| /* System header to define __stub macros and hopefully few prototypes,
|     which can conflict with char reallocarray (); below.
|     Prefer <limits.h> to <assert.h> if __STDC__ is defined, since
|     <limits.h> exists even on freestanding compilers.  */
| 
| #ifdef __STDC__
| # include <limits.h>
| #else
| # include <assert.h>
| #endif
| 
| #undef reallocarray
| 
| /* Override any GCC internal prototype to avoid an error.
|    Use char because int might match the return type of a GCC
|    builtin and then its argument prototype would still apply.  */
| #ifdef __cplusplus
| extern "C"
| #endif
| char reallocarray ();
| /* The GNU C library defines this for functions which it implements
|     to always fail with ENOSYS.  Some functions are actually named
|     something starting with __ and the normal name is an alias.  */
| #if defined __stub_reallocarray || defined __stub___reallocarray
| choke me
| #endif
| 
| int
| main ()
| {
| return reallocarray ();
|   ;
|   return 0;
| }
configure:13435: result: no
configure:13447: checking for strlcat
configure:13447: /home/wrv/CircleSquareFuzzing/afl-1.83b/afl-gcc -o conftest -Wall -std=gnu99 -g -O2 -D_DEFAULT_SOURCE -D_BSD_SOURCE -D_POSIX_SOURCE -D_GNU_SOURCE  -fno-strict-overflow -D_FORTIFY_SOURCE=2 -fstack-protector-strong -Wno-pointer-sign -DHAVE_GNU_STACK     -Wl,-z,relro -Wl,-z,now  conftest.c  >&5
/tmp/ccxQo2s9.o: In function `main':
/home/wrv/CircleSquareFuzzing/afl-1.83b/libressl-2.1.6/conftest.c:61: undefined reference to `strlcat'
collect2: error: ld returned 1 exit status
configure:13447: $? = 1
configure: failed program was:
| /* confdefs.h */
| #define PACKAGE_NAME "libressl"
| #define PACKAGE_TARNAME "libressl"
| #define PACKAGE_VERSION "2.1.6"
| #define PACKAGE_STRING "libressl 2.1.6"
| #define PACKAGE_BUGREPORT ""
| #define PACKAGE_URL ""
| #define PACKAGE "libressl"
| #define VERSION "2.1.6"
| #define STDC_HEADERS 1
| #define HAVE_SYS_TYPES_H 1
| #define HAVE_SYS_STAT_H 1
| #define HAVE_STDLIB_H 1
| #define HAVE_STRING_H 1
| #define HAVE_MEMORY_H 1
| #define HAVE_STRINGS_H 1
| #define HAVE_INTTYPES_H 1
| #define HAVE_STDINT_H 1
| #define HAVE_UNISTD_H 1
| #define HAVE_DLFCN_H 1
| #define LT_OBJDIR ".libs/"
| #define HAVE_ASPRINTF 1
| #define HAVE_GETAUXVAL 1
| #define HAVE_MEMMEM 1
| #define HAVE_POLL 1
| /* end confdefs.h.  */
| /* Define strlcat to an innocuous variant, in case <limits.h> declares strlcat.
|    For example, HP-UX 11i <limits.h> declares gettimeofday.  */
| #define strlcat innocuous_strlcat
| 
| /* System header to define __stub macros and hopefully few prototypes,
|     which can conflict with char strlcat (); below.
|     Prefer <limits.h> to <assert.h> if __STDC__ is defined, since
|     <limits.h> exists even on freestanding compilers.  */
| 
| #ifdef __STDC__
| # include <limits.h>
| #else
| # include <assert.h>
| #endif
| 
| #undef strlcat
| 
| /* Override any GCC internal prototype to avoid an error.
|    Use char because int might match the return type of a GCC
|    builtin and then its argument prototype would still apply.  */
| #ifdef __cplusplus
| extern "C"
| #endif
| char strlcat ();
| /* The GNU C library defines this for functions which it implements
|     to always fail with ENOSYS.  Some functions are actually named
|     something starting with __ and the normal name is an alias.  */
| #if defined __stub_strlcat || defined __stub___strlcat
| choke me
| #endif
| 
| int
| main ()
| {
| return strlcat ();
|   ;
|   return 0;
| }
configure:13447: result: no
configure:13447: checking for strlcpy
configure:13447: /home/wrv/CircleSquareFuzzing/afl-1.83b/afl-gcc -o conftest -Wall -std=gnu99 -g -O2 -D_DEFAULT_SOURCE -D_BSD_SOURCE -D_POSIX_SOURCE -D_GNU_SOURCE  -fno-strict-overflow -D_FORTIFY_SOURCE=2 -fstack-protector-strong -Wno-pointer-sign -DHAVE_GNU_STACK     -Wl,-z,relro -Wl,-z,now  conftest.c  >&5
/tmp/ccSrh5De.o: In function `main':
/home/wrv/CircleSquareFuzzing/afl-1.83b/libressl-2.1.6/conftest.c:61: undefined reference to `strlcpy'
collect2: error: ld returned 1 exit status
configure:13447: $? = 1
configure: failed program was:
| /* confdefs.h */
| #define PACKAGE_NAME "libressl"
| #define PACKAGE_TARNAME "libressl"
| #define PACKAGE_VERSION "2.1.6"
| #define PACKAGE_STRING "libressl 2.1.6"
| #define PACKAGE_BUGREPORT ""
| #define PACKAGE_URL ""
| #define PACKAGE "libressl"
| #define VERSION "2.1.6"
| #define STDC_HEADERS 1
| #define HAVE_SYS_TYPES_H 1
| #define HAVE_SYS_STAT_H 1
| #define HAVE_STDLIB_H 1
| #define HAVE_STRING_H 1
| #define HAVE_MEMORY_H 1
| #define HAVE_STRINGS_H 1
| #define HAVE_INTTYPES_H 1
| #define HAVE_STDINT_H 1
| #define HAVE_UNISTD_H 1
| #define HAVE_DLFCN_H 1
| #define LT_OBJDIR ".libs/"
| #define HAVE_ASPRINTF 1
| #define HAVE_GETAUXVAL 1
| #define HAVE_MEMMEM 1
| #define HAVE_POLL 1
| /* end confdefs.h.  */
| /* Define strlcpy to an innocuous variant, in case <limits.h> declares strlcpy.
|    For example, HP-UX 11i <limits.h> declares gettimeofday.  */
| #define strlcpy innocuous_strlcpy
| 
| /* System header to define __stub macros and hopefully few prototypes,
|     which can conflict with char strlcpy (); below.
|     Prefer <limits.h> to <assert.h> if __STDC__ is defined, since
|     <limits.h> exists even on freestanding compilers.  */
| 
| #ifdef __STDC__
| # include <limits.h>
| #else
| # include <assert.h>
| #endif
| 
| #undef strlcpy
| 
| /* Override any GCC internal prototype to avoid an error.
|    Use char because int might match the return type of a GCC
|    builtin and then its argument prototype would still apply.  */
| #ifdef __cplusplus
| extern "C"
| #endif
| char strlcpy ();
| /* The GNU C library defines this for functions which it implements
|     to always fail with ENOSYS.  Some functions are actually named
|     something starting with __ and the normal name is an alias.  */
| #if defined __stub_strlcpy || defined __stub___strlcpy
| choke me
| #endif
| 
| int
| main ()
| {
| return strlcpy ();
|   ;
|   return 0;
| }
configure:13447: result: no
configure:13447: checking for strndup
configure:13447: /home/wrv/CircleSquareFuzzing/afl-1.83b/afl-gcc -o conftest -Wall -std=gnu99 -g -O2 -D_DEFAULT_SOURCE -D_BSD_SOURCE -D_POSIX_SOURCE -D_GNU_SOURCE  -fno-strict-overflow -D_FORTIFY_SOURCE=2 -fstack-protector-strong -Wno-pointer-sign -DHAVE_GNU_STACK     -Wl,-z,relro -Wl,-z,now  conftest.c  >&5
conftest.c:50:6: warning: conflicting types for built-in function 'strndup' [enabled by default]
 char strndup ();
      ^
configure:13447: $? = 0
configure:13447: result: yes
configure:13447: checking for strnlen
configure:13447: /home/wrv/CircleSquareFuzzing/afl-1.83b/afl-gcc -o conftest -Wall -std=gnu99 -g -O2 -D_DEFAULT_SOURCE -D_BSD_SOURCE -D_POSIX_SOURCE -D_GNU_SOURCE  -fno-strict-overflow -D_FORTIFY_SOURCE=2 -fstack-protector-strong -Wno-pointer-sign -DHAVE_GNU_STACK     -Wl,-z,relro -Wl,-z,now  conftest.c  >&5
configure:13447: $? = 0
configure:13447: result: yes
configure:13447: checking for strsep
configure:13447: /home/wrv/CircleSquareFuzzing/afl-1.83b/afl-gcc -o conftest -Wall -std=gnu99 -g -O2 -D_DEFAULT_SOURCE -D_BSD_SOURCE -D_POSIX_SOURCE -D_GNU_SOURCE  -fno-strict-overflow -D_FORTIFY_SOURCE=2 -fstack-protector-strong -Wno-pointer-sign -DHAVE_GNU_STACK     -Wl,-z,relro -Wl,-z,now  conftest.c  >&5
configure:13447: $? = 0
configure:13447: result: yes
configure:13447: checking for strtonum
configure:13447: /home/wrv/CircleSquareFuzzing/afl-1.83b/afl-gcc -o conftest -Wall -std=gnu99 -g -O2 -D_DEFAULT_SOURCE -D_BSD_SOURCE -D_POSIX_SOURCE -D_GNU_SOURCE  -fno-strict-overflow -D_FORTIFY_SOURCE=2 -fstack-protector-strong -Wno-pointer-sign -DHAVE_GNU_STACK     -Wl,-z,relro -Wl,-z,now  conftest.c  >&5
/tmp/ccH3bWqk.o: In function `main':
/home/wrv/CircleSquareFuzzing/afl-1.83b/libressl-2.1.6/conftest.c:64: undefined reference to `strtonum'
collect2: error: ld returned 1 exit status
configure:13447: $? = 1
configure: failed program was:
| /* confdefs.h */
| #define PACKAGE_NAME "libressl"
| #define PACKAGE_TARNAME "libressl"
| #define PACKAGE_VERSION "2.1.6"
| #define PACKAGE_STRING "libressl 2.1.6"
| #define PACKAGE_BUGREPORT ""
| #define PACKAGE_URL ""
| #define PACKAGE "libressl"
| #define VERSION "2.1.6"
| #define STDC_HEADERS 1
| #define HAVE_SYS_TYPES_H 1
| #define HAVE_SYS_STAT_H 1
| #define HAVE_STDLIB_H 1
| #define HAVE_STRING_H 1
| #define HAVE_MEMORY_H 1
| #define HAVE_STRINGS_H 1
| #define HAVE_INTTYPES_H 1
| #define HAVE_STDINT_H 1
| #define HAVE_UNISTD_H 1
| #define HAVE_DLFCN_H 1
| #define LT_OBJDIR ".libs/"
| #define HAVE_ASPRINTF 1
| #define HAVE_GETAUXVAL 1
| #define HAVE_MEMMEM 1
| #define HAVE_POLL 1
| #define HAVE_STRNDUP 1
| #define HAVE_STRNLEN 1
| #define HAVE_STRSEP 1
| /* end confdefs.h.  */
| /* Define strtonum to an innocuous variant, in case <limits.h> declares strtonum.
|    For example, HP-UX 11i <limits.h> declares gettimeofday.  */
| #define strtonum innocuous_strtonum
| 
| /* System header to define __stub macros and hopefully few prototypes,
|     which can conflict with char strtonum (); below.
|     Prefer <limits.h> to <assert.h> if __STDC__ is defined, since
|     <limits.h> exists even on freestanding compilers.  */
| 
| #ifdef __STDC__
| # include <limits.h>
| #else
| # include <assert.h>
| #endif
| 
| #undef strtonum
| 
| /* Override any GCC internal prototype to avoid an error.
|    Use char because int might match the return type of a GCC
|    builtin and then its argument prototype would still apply.  */
| #ifdef __cplusplus
| extern "C"
| #endif
| char strtonum ();
| /* The GNU C library defines this for functions which it implements
|     to always fail with ENOSYS.  Some functions are actually named
|     something starting with __ and the normal name is an alias.  */
| #if defined __stub_strtonum || defined __stub___strtonum
| choke me
| #endif
| 
| int
| main ()
| {
| return strtonum ();
|   ;
|   return 0;
| }
configure:13447: result: no
configure:13458: checking for symlink
configure:13458: /home/wrv/CircleSquareFuzzing/afl-1.83b/afl-gcc -o conftest -Wall -std=gnu99 -g -O2 -D_DEFAULT_SOURCE -D_BSD_SOURCE -D_POSIX_SOURCE -D_GNU_SOURCE  -fno-strict-overflow -D_FORTIFY_SOURCE=2 -fstack-protector-strong -Wno-pointer-sign -DHAVE_GNU_STACK     -Wl,-z,relro -Wl,-z,now  conftest.c  >&5
configure:13458: $? = 0
configure:13458: result: yes
configure:13470: checking for timingsafe_bcmp
configure:13470: /home/wrv/CircleSquareFuzzing/afl-1.83b/afl-gcc -o conftest -Wall -std=gnu99 -g -O2 -D_DEFAULT_SOURCE -D_BSD_SOURCE -D_POSIX_SOURCE -D_GNU_SOURCE  -fno-strict-overflow -D_FORTIFY_SOURCE=2 -fstack-protector-strong -Wno-pointer-sign -DHAVE_GNU_STACK     -Wl,-z,relro -Wl,-z,now  conftest.c  >&5
/tmp/ccUkWi2t.o: In function `main':
/home/wrv/CircleSquareFuzzing/afl-1.83b/libressl-2.1.6/conftest.c:65: undefined reference to `timingsafe_bcmp'
collect2: error: ld returned 1 exit status
configure:13470: $? = 1
configure: failed program was:
| /* confdefs.h */
| #define PACKAGE_NAME "libressl"
| #define PACKAGE_TARNAME "libressl"
| #define PACKAGE_VERSION "2.1.6"
| #define PACKAGE_STRING "libressl 2.1.6"
| #define PACKAGE_BUGREPORT ""
| #define PACKAGE_URL ""
| #define PACKAGE "libressl"
| #define VERSION "2.1.6"
| #define STDC_HEADERS 1
| #define HAVE_SYS_TYPES_H 1
| #define HAVE_SYS_STAT_H 1
| #define HAVE_STDLIB_H 1
| #define HAVE_STRING_H 1
| #define HAVE_MEMORY_H 1
| #define HAVE_STRINGS_H 1
| #define HAVE_INTTYPES_H 1
| #define HAVE_STDINT_H 1
| #define HAVE_UNISTD_H 1
| #define HAVE_DLFCN_H 1
| #define LT_OBJDIR ".libs/"
| #define HAVE_ASPRINTF 1
| #define HAVE_GETAUXVAL 1
| #define HAVE_MEMMEM 1
| #define HAVE_POLL 1
| #define HAVE_STRNDUP 1
| #define HAVE_STRNLEN 1
| #define HAVE_STRSEP 1
| #define HAVE_SYMLINK 1
| /* end confdefs.h.  */
| /* Define timingsafe_bcmp to an innocuous variant, in case <limits.h> declares timingsafe_bcmp.
|    For example, HP-UX 11i <limits.h> declares gettimeofday.  */
| #define timingsafe_bcmp innocuous_timingsafe_bcmp
| 
| /* System header to define __stub macros and hopefully few prototypes,
|     which can conflict with char timingsafe_bcmp (); below.
|     Prefer <limits.h> to <assert.h> if __STDC__ is defined, since
|     <limits.h> exists even on freestanding compilers.  */
| 
| #ifdef __STDC__
| # include <limits.h>
| #else
| # include <assert.h>
| #endif
| 
| #undef timingsafe_bcmp
| 
| /* Override any GCC internal prototype to avoid an error.
|    Use char because int might match the return type of a GCC
|    builtin and then its argument prototype would still apply.  */
| #ifdef __cplusplus
| extern "C"
| #endif
| char timingsafe_bcmp ();
| /* The GNU C library defines this for functions which it implements
|     to always fail with ENOSYS.  Some functions are actually named
|     something starting with __ and the normal name is an alias.  */
| #if defined __stub_timingsafe_bcmp || defined __stub___timingsafe_bcmp
| choke me
| #endif
| 
| int
| main ()
| {
| return timingsafe_bcmp ();
|   ;
|   return 0;
| }
configure:13470: result: no
configure:13470: checking for timingsafe_memcmp
configure:13470: /home/wrv/CircleSquareFuzzing/afl-1.83b/afl-gcc -o conftest -Wall -std=gnu99 -g -O2 -D_DEFAULT_SOURCE -D_BSD_SOURCE -D_POSIX_SOURCE -D_GNU_SOURCE  -fno-strict-overflow -D_FORTIFY_SOURCE=2 -fstack-protector-strong -Wno-pointer-sign -DHAVE_GNU_STACK     -Wl,-z,relro -Wl,-z,now  conftest.c  >&5
/tmp/ccQ4gG5y.o: In function `main':
/home/wrv/CircleSquareFuzzing/afl-1.83b/libressl-2.1.6/conftest.c:65: undefined reference to `timingsafe_memcmp'
collect2: error: ld returned 1 exit status
configure:13470: $? = 1
configure: failed program was:
| /* confdefs.h */
| #define PACKAGE_NAME "libressl"
| #define PACKAGE_TARNAME "libressl"
| #define PACKAGE_VERSION "2.1.6"
| #define PACKAGE_STRING "libressl 2.1.6"
| #define PACKAGE_BUGREPORT ""
| #define PACKAGE_URL ""
| #define PACKAGE "libressl"
| #define VERSION "2.1.6"
| #define STDC_HEADERS 1
| #define HAVE_SYS_TYPES_H 1
| #define HAVE_SYS_STAT_H 1
| #define HAVE_STDLIB_H 1
| #define HAVE_STRING_H 1
| #define HAVE_MEMORY_H 1
| #define HAVE_STRINGS_H 1
| #define HAVE_INTTYPES_H 1
| #define HAVE_STDINT_H 1
| #define HAVE_UNISTD_H 1
| #define HAVE_DLFCN_H 1
| #define LT_OBJDIR ".libs/"
| #define HAVE_ASPRINTF 1
| #define HAVE_GETAUXVAL 1
| #define HAVE_MEMMEM 1
| #define HAVE_POLL 1
| #define HAVE_STRNDUP 1
| #define HAVE_STRNLEN 1
| #define HAVE_STRSEP 1
| #define HAVE_SYMLINK 1
| /* end confdefs.h.  */
| /* Define timingsafe_memcmp to an innocuous variant, in case <limits.h> declares timingsafe_memcmp.
|    For example, HP-UX 11i <limits.h> declares gettimeofday.  */
| #define timingsafe_memcmp innocuous_timingsafe_memcmp
| 
| /* System header to define __stub macros and hopefully few prototypes,
|     which can conflict with char timingsafe_memcmp (); below.
|     Prefer <limits.h> to <assert.h> if __STDC__ is defined, since
|     <limits.h> exists even on freestanding compilers.  */
| 
| #ifdef __STDC__
| # include <limits.h>
| #else
| # include <assert.h>
| #endif
| 
| #undef timingsafe_memcmp
| 
| /* Override any GCC internal prototype to avoid an error.
|    Use char because int might match the return type of a GCC
|    builtin and then its argument prototype would still apply.  */
| #ifdef __cplusplus
| extern "C"
| #endif
| char timingsafe_memcmp ();
| /* The GNU C library defines this for functions which it implements
|     to always fail with ENOSYS.  Some functions are actually named
|     something starting with __ and the normal name is an alias.  */
| #if defined __stub_timingsafe_memcmp || defined __stub___timingsafe_memcmp
| choke me
| #endif
| 
| int
| main ()
| {
| return timingsafe_memcmp ();
|   ;
|   return 0;
| }
configure:13470: result: no
configure:13642: checking whether va_copy exists
configure:13662: /home/wrv/CircleSquareFuzzing/afl-1.83b/afl-gcc -o conftest -Wall -std=gnu99 -g -O2 -D_DEFAULT_SOURCE -D_BSD_SOURCE -D_POSIX_SOURCE -D_GNU_SOURCE  -fno-strict-overflow -D_FORTIFY_SOURCE=2 -fstack-protector-strong -Wno-pointer-sign -DHAVE_GNU_STACK     -Wl,-z,relro -Wl,-z,now  conftest.c  >&5
configure:13662: $? = 0
configure:13672: result: yes
configure:13680: checking whether __va_copy exists
configure:13700: /home/wrv/CircleSquareFuzzing/afl-1.83b/afl-gcc -o conftest -Wall -std=gnu99 -g -O2 -D_DEFAULT_SOURCE -D_BSD_SOURCE -D_POSIX_SOURCE -D_GNU_SOURCE  -fno-strict-overflow -D_FORTIFY_SOURCE=2 -fstack-protector-strong -Wno-pointer-sign -DHAVE_GNU_STACK     -Wl,-z,relro -Wl,-z,now  conftest.c  >&5
configure:13700: $? = 0
configure:13710: result: yes
configure:13721: checking sys/sysctl.h usability
configure:13721: /home/wrv/CircleSquareFuzzing/afl-1.83b/afl-gcc -c -Wall -std=gnu99 -g -O2 -D_DEFAULT_SOURCE -D_BSD_SOURCE -D_POSIX_SOURCE -D_GNU_SOURCE  -fno-strict-overflow -D_FORTIFY_SOURCE=2 -fstack-protector-strong -Wno-pointer-sign -DHAVE_GNU_STACK   conftest.c >&5
configure:13721: $? = 0
configure:13721: result: yes
configure:13721: checking sys/sysctl.h presence
configure:13721: /home/wrv/CircleSquareFuzzing/afl-1.83b/afl-gcc -E  conftest.c
configure:13721: $? = 0
configure:13721: result: yes
configure:13721: checking for sys/sysctl.h
configure:13721: result: yes
configure:13721: checking err.h usability
configure:13721: /home/wrv/CircleSquareFuzzing/afl-1.83b/afl-gcc -c -Wall -std=gnu99 -g -O2 -D_DEFAULT_SOURCE -D_BSD_SOURCE -D_POSIX_SOURCE -D_GNU_SOURCE  -fno-strict-overflow -D_FORTIFY_SOURCE=2 -fstack-protector-strong -Wno-pointer-sign -DHAVE_GNU_STACK   conftest.c >&5
configure:13721: $? = 0
configure:13721: result: yes
configure:13721: checking err.h presence
configure:13721: /home/wrv/CircleSquareFuzzing/afl-1.83b/afl-gcc -E  conftest.c
configure:13721: $? = 0
configure:13721: result: yes
configure:13721: checking for err.h
configure:13721: result: yes
configure:13770: checking if BSWAP4 builds without __STRICT_ALIGNMENT
configure:13783: /home/wrv/CircleSquareFuzzing/afl-1.83b/afl-gcc -c  -I./include  conftest.c >&5
configure:13783: $? = 0
configure:13784: result: yes
configure:13975: checking that generated files are newer than configure
configure:13981: result: done
configure:14128: creating ./config.status

## ---------------- ##
## Cache variables. ##
## ---------------- ##

ac_cv_build=x86_64-unknown-linux-gnu
ac_cv_c_compiler_gnu=yes
ac_cv_env_CCASFLAGS_set=
ac_cv_env_CCASFLAGS_value=
ac_cv_env_CCAS_set=
ac_cv_env_CCAS_value=
ac_cv_env_CC_set=set
ac_cv_env_CC_value=/home/wrv/CircleSquareFuzzing/afl-1.83b/afl-gcc
ac_cv_env_CFLAGS_set=
ac_cv_env_CFLAGS_value=
ac_cv_env_CPPFLAGS_set=
ac_cv_env_CPPFLAGS_value=
ac_cv_env_CPP_set=
ac_cv_env_CPP_value=
ac_cv_env_LDFLAGS_set=
ac_cv_env_LDFLAGS_value=
ac_cv_env_LIBS_set=
ac_cv_env_LIBS_value=
ac_cv_env_build_alias_set=
ac_cv_env_build_alias_value=
ac_cv_env_host_alias_set=
ac_cv_env_host_alias_value=
ac_cv_env_target_alias_set=
ac_cv_env_target_alias_value=
ac_cv_func_arc4random_buf=no
ac_cv_func_asprintf=yes
ac_cv_func_clock_gettime=yes
ac_cv_func_dl_iterate_phdr=yes
ac_cv_func_explicit_bzero=no
ac_cv_func_funopen=no
ac_cv_func_getauxval=yes
ac_cv_func_getentropy=no
ac_cv_func_issetugid=no
ac_cv_func_memmem=yes
ac_cv_func_poll=yes
ac_cv_func_reallocarray=no
ac_cv_func_strlcat=no
ac_cv_func_strlcpy=no
ac_cv_func_strndup=yes
ac_cv_func_strnlen=yes
ac_cv_func_strsep=yes
ac_cv_func_strtonum=no
ac_cv_func_symlink=yes
ac_cv_func_timingsafe_bcmp=no
ac_cv_func_timingsafe_memcmp=no
ac_cv_have___va_copy=yes
ac_cv_have_va_copy=yes
ac_cv_header_dlfcn_h=yes
ac_cv_header_err_h=yes
ac_cv_header_inttypes_h=yes
ac_cv_header_memory_h=yes
ac_cv_header_stdc=yes
ac_cv_header_stdint_h=yes
ac_cv_header_stdlib_h=yes
ac_cv_header_string_h=yes
ac_cv_header_strings_h=yes
ac_cv_header_sys_stat_h=yes
ac_cv_header_sys_sysctl_h=yes
ac_cv_header_sys_types_h=yes
ac_cv_header_unistd_h=yes
ac_cv_host=x86_64-unknown-linux-gnu
ac_cv_objext=o
ac_cv_path_EGREP='/usr/bin/grep -E'
ac_cv_path_FGREP='/usr/bin/grep -F'
ac_cv_path_GREP=/usr/bin/grep
ac_cv_path_SED=/usr/bin/sed
ac_cv_path_install='/usr/bin/install -c'
ac_cv_path_mkdir=/usr/bin/mkdir
ac_cv_prog_AWK=gawk
ac_cv_prog_CPP='/home/wrv/CircleSquareFuzzing/afl-1.83b/afl-gcc -E'
ac_cv_prog_ac_ct_AR=ar
ac_cv_prog_ac_ct_CC=/home/wrv/CircleSquareFuzzing/afl-1.83b/afl-gcc
ac_cv_prog_ac_ct_OBJDUMP=objdump
ac_cv_prog_ac_ct_RANLIB=ranlib
ac_cv_prog_ac_ct_STRIP=strip
ac_cv_prog_cc__home_wrv_CircleSquareFuzzing_afl_1_83b_afl_gcc_c_o=yes
ac_cv_prog_cc_c89=
ac_cv_prog_cc_c99=
ac_cv_prog_cc_g=yes
ac_cv_prog_cc_stdc=
ac_cv_prog_make_make_set=yes
am_cv_CCAS_dependencies_compiler_type=gcc3
am_cv_CC_dependencies_compiler_type=gcc3
am_cv_make_support_nested_variables=yes
lt_cv_ar_at_file=@
lt_cv_archive_cmds_need_lc=no
lt_cv_deplibs_check_method=pass_all
lt_cv_file_magic_cmd='$MAGIC_CMD'
lt_cv_file_magic_test_file=
lt_cv_ld_reload_flag=-r
lt_cv_nm_interface='BSD nm'
lt_cv_objdir=.libs
lt_cv_path_LD=/usr/bin/ld
lt_cv_path_NM='/usr/bin/nm -B'
lt_cv_path_mainfest_tool=no
lt_cv_prog_compiler_c_o=yes
lt_cv_prog_compiler_pic='-fPIC -DPIC'
lt_cv_prog_compiler_pic_works=yes
lt_cv_prog_compiler_rtti_exceptions=no
lt_cv_prog_compiler_static_works=no
lt_cv_prog_gnu_ld=yes
lt_cv_sharedlib_from_linklib_cmd='printf %s\n'
lt_cv_shlibpath_overrides_runpath=no
lt_cv_sys_global_symbol_pipe='sed -n -e '\''s/^.*[	 ]\([ABCDGIRSTW][ABCDGIRSTW]*\)[	 ][	 ]*\([_A-Za-z][_A-Za-z0-9]*\)$/\1 \2 \2/p'\'' | sed '\''/ __gnu_lto/d'\'''
lt_cv_sys_global_symbol_to_c_name_address='sed -n -e '\''s/^: \([^ ]*\)[ ]*$/  {\"\1\", (void *) 0},/p'\'' -e '\''s/^[ABCDGIRSTW]* \([^ ]*\) \([^ ]*\)$/  {"\2", (void *) \&\2},/p'\'''
lt_cv_sys_global_symbol_to_c_name_address_lib_prefix='sed -n -e '\''s/^: \([^ ]*\)[ ]*$/  {\"\1\", (void *) 0},/p'\'' -e '\''s/^[ABCDGIRSTW]* \([^ ]*\) \(lib[^ ]*\)$/  {"\2", (void *) \&\2},/p'\'' -e '\''s/^[ABCDGIRSTW]* \([^ ]*\) \([^ ]*\)$/  {"lib\2", (void *) \&\2},/p'\'''
lt_cv_sys_global_symbol_to_cdecl='sed -n -e '\''s/^T .* \(.*\)$/extern int \1();/p'\'' -e '\''s/^[ABCDGIRSTW]* .* \(.*\)$/extern char \1;/p'\'''
lt_cv_sys_max_cmd_len=1572864
lt_cv_to_host_file_cmd=func_convert_file_noop
lt_cv_to_tool_file_cmd=func_convert_file_noop

## ----------------- ##
## Output variables. ##
## ----------------- ##

ACLOCAL='${SHELL} /home/wrv/CircleSquareFuzzing/afl-1.83b/libressl-2.1.6/missing aclocal-1.13'
AMDEPBACKSLASH='\'
AMDEP_FALSE='#'
AMDEP_TRUE=''
AMTAR='$${TAR-tar}'
AM_BACKSLASH='\'
AM_DEFAULT_V='$(AM_DEFAULT_VERBOSITY)'
AM_DEFAULT_VERBOSITY='0'
AM_V='$(V)'
AR='ar'
AUTOCONF='${SHELL} /home/wrv/CircleSquareFuzzing/afl-1.83b/libressl-2.1.6/missing autoconf'
AUTOHEADER='${SHELL} /home/wrv/CircleSquareFuzzing/afl-1.83b/libressl-2.1.6/missing autoheader'
AUTOMAKE='${SHELL} /home/wrv/CircleSquareFuzzing/afl-1.83b/libressl-2.1.6/missing automake-1.13'
AWK='gawk'
BUILD_CERTHASH_FALSE='#'
BUILD_CERTHASH_TRUE=''
CC='/home/wrv/CircleSquareFuzzing/afl-1.83b/afl-gcc'
CCAS='/home/wrv/CircleSquareFuzzing/afl-1.83b/afl-gcc'
CCASDEPMODE='depmode=gcc3'
CCASFLAGS='-Wall -std=gnu99 -g -O2 -D_DEFAULT_SOURCE -D_BSD_SOURCE -D_POSIX_SOURCE -D_GNU_SOURCE  -fno-strict-overflow -D_FORTIFY_SOURCE=2 -fstack-protector-strong -Wno-pointer-sign -DHAVE_GNU_STACK'
CCDEPMODE='depmode=gcc3'
CFLAGS='-Wall -std=gnu99 -g -O2 -D_DEFAULT_SOURCE -D_BSD_SOURCE -D_POSIX_SOURCE -D_GNU_SOURCE  -fno-strict-overflow -D_FORTIFY_SOURCE=2 -fstack-protector-strong -Wno-pointer-sign -DHAVE_GNU_STACK '
CPP='/home/wrv/CircleSquareFuzzing/afl-1.83b/afl-gcc -E'
CPPFLAGS=''
CYGPATH_W='echo'
DEFS='-DPACKAGE_NAME=\"libressl\" -DPACKAGE_TARNAME=\"libressl\" -DPACKAGE_VERSION=\"2.1.6\" -DPACKAGE_STRING=\"libressl\ 2.1.6\" -DPACKAGE_BUGREPORT=\"\" -DPACKAGE_URL=\"\" -DPACKAGE=\"libressl\" -DVERSION=\"2.1.6\" -DSTDC_HEADERS=1 -DHAVE_SYS_TYPES_H=1 -DHAVE_SYS_STAT_H=1 -DHAVE_STDLIB_H=1 -DHAVE_STRING_H=1 -DHAVE_MEMORY_H=1 -DHAVE_STRINGS_H=1 -DHAVE_INTTYPES_H=1 -DHAVE_STDINT_H=1 -DHAVE_UNISTD_H=1 -DHAVE_DLFCN_H=1 -DLT_OBJDIR=\".libs/\" -DHAVE_ASPRINTF=1 -DHAVE_GETAUXVAL=1 -DHAVE_MEMMEM=1 -DHAVE_POLL=1 -DHAVE_STRNDUP=1 -DHAVE_STRNLEN=1 -DHAVE_STRSEP=1 -DHAVE_SYMLINK=1 -DHAVE_VA_COPY=1 -DHAVE___VA_COPY=1 -DHAVE_SYS_SYSCTL_H=1 -DHAVE_ERR_H=1'
DEPDIR='.deps'
DLLTOOL='false'
DSYMUTIL=''
DUMPBIN=''
ECHO_C=''
ECHO_N='-n'
ECHO_T=''
EGREP='/usr/bin/grep -E'
EXEEXT=''
FGREP='/usr/bin/grep -F'
GREP='/usr/bin/grep'
HAVE_ARC4RANDOM_BUF_FALSE=''
HAVE_ARC4RANDOM_BUF_TRUE='#'
HAVE_ASPRINTF_FALSE='#'
HAVE_ASPRINTF_TRUE=''
HAVE_EXPLICIT_BZERO_FALSE=''
HAVE_EXPLICIT_BZERO_TRUE='#'
HAVE_GETENTROPY_FALSE=''
HAVE_GETENTROPY_TRUE='#'
HAVE_ISSETUGID_FALSE=''
HAVE_ISSETUGID_TRUE='#'
HAVE_MEMMEM_FALSE='#'
HAVE_MEMMEM_TRUE=''
HAVE_POLL_FALSE='#'
HAVE_POLL_TRUE=''
HAVE_REALLOCARRAY_FALSE=''
HAVE_REALLOCARRAY_TRUE='#'
HAVE_STRLCAT_FALSE=''
HAVE_STRLCAT_TRUE='#'
HAVE_STRLCPY_FALSE=''
HAVE_STRLCPY_TRUE='#'
HAVE_STRNDUP_FALSE='#'
HAVE_STRNDUP_TRUE=''
HAVE_STRNLEN_FALSE='#'
HAVE_STRNLEN_TRUE=''
HAVE_STRSEP_FALSE='#'
HAVE_STRSEP_TRUE=''
HAVE_STRTONUM_FALSE=''
HAVE_STRTONUM_TRUE='#'
HAVE_TIMINGSAFE_BCMP_FALSE=''
HAVE_TIMINGSAFE_BCMP_TRUE='#'
HAVE_TIMINGSAFE_MEMCMP_FALSE=''
HAVE_TIMINGSAFE_MEMCMP_TRUE='#'
HOST_ASM_ELF_X86_64_FALSE='#'
HOST_ASM_ELF_X86_64_TRUE=''
HOST_ASM_MACOSX_X86_64_FALSE=''
HOST_ASM_MACOSX_X86_64_TRUE='#'
HOST_DARWIN_FALSE=''
HOST_DARWIN_TRUE='#'
HOST_FREEBSD_FALSE=''
HOST_FREEBSD_TRUE='#'
HOST_HPUX_FALSE=''
HOST_HPUX_TRUE='#'
HOST_LINUX_FALSE='#'
HOST_LINUX_TRUE=''
HOST_NETBSD_FALSE=''
HOST_NETBSD_TRUE='#'
HOST_SOLARIS_FALSE=''
HOST_SOLARIS_TRUE='#'
HOST_WIN_FALSE=''
HOST_WIN_TRUE='#'
INSTALL_DATA='${INSTALL} -m 644'
INSTALL_PROGRAM='${INSTALL}'
INSTALL_SCRIPT='${INSTALL}'
INSTALL_STRIP_PROGRAM='$(install_sh) -c -s'
LD='/usr/bin/ld -m elf_x86_64'
LDFLAGS='  -Wl,-z,relro -Wl,-z,now '
LIBCRYPTO_VERSION='32:0:0'
LIBOBJS=''
LIBS=''
LIBSSL_VERSION='32:0:0'
LIBTLS_VERSION='3:0:0'
LIBTOOL='$(SHELL) $(top_builddir)/libtool'
LIPO=''
LN_S='ln -s'
LTLIBOBJS=''
MAKEINFO='${SHELL} /home/wrv/CircleSquareFuzzing/afl-1.83b/libressl-2.1.6/missing makeinfo'
MANIFEST_TOOL=':'
MKDIR_P='/usr/bin/mkdir -p'
NM='/usr/bin/nm -B'
NMEDIT=''
OBJDUMP='objdump'
OBJEXT='o'
OPENSSL_NO_ASM_FALSE=''
OPENSSL_NO_ASM_TRUE='#'
OTOOL64=''
OTOOL=''
PACKAGE='libressl'
PACKAGE_BUGREPORT=''
PACKAGE_NAME='libressl'
PACKAGE_STRING='libressl 2.1.6'
PACKAGE_TARNAME='libressl'
PACKAGE_URL=''
PACKAGE_VERSION='2.1.6'
PATH_SEPARATOR=':'
PLATFORM_LDADD=''
PROG_LDADD=''
RANLIB='ranlib'
SED='/usr/bin/sed'
SET_MAKE=''
SHELL='/bin/sh'
STRIP='strip'
USER_CFLAGS=''
VERSION='2.1.6'
ac_ct_AR='ar'
ac_ct_CC='/home/wrv/CircleSquareFuzzing/afl-1.83b/afl-gcc'
ac_ct_DUMPBIN=''
am__EXEEXT_FALSE=''
am__EXEEXT_TRUE='#'
am__fastdepCCAS_FALSE='#'
am__fastdepCCAS_TRUE=''
am__fastdepCC_FALSE='#'
am__fastdepCC_TRUE=''
am__include='include'
am__isrc=''
am__leading_dot='.'
am__nodep='_no'
am__quote=''
am__tar='$${TAR-tar} chof - "$$tardir"'
am__untar='$${TAR-tar} xf -'
bindir='${exec_prefix}/bin'
build='x86_64-unknown-linux-gnu'
build_alias=''
build_cpu='x86_64'
build_os='linux-gnu'
build_vendor='unknown'
datadir='${datarootdir}'
datarootdir='${prefix}/share'
docdir='${datarootdir}/doc/${PACKAGE_TARNAME}'
dvidir='${docdir}'
exec_prefix='${prefix}'
host='x86_64-unknown-linux-gnu'
host_alias=''
host_cpu='x86_64'
host_os='linux-gnu'
host_vendor='unknown'
htmldir='${docdir}'
includedir='${prefix}/include'
infodir='${datarootdir}/info'
install_sh='${SHELL} /home/wrv/CircleSquareFuzzing/afl-1.83b/libressl-2.1.6/install-sh'
libdir='${exec_prefix}/lib'
libexecdir='${exec_prefix}/libexec'
localedir='${datarootdir}/locale'
localstatedir='${prefix}/var'
mandir='${datarootdir}/man'
mkdir_p='$(MKDIR_P)'
oldincludedir='/usr/include'
pdfdir='${docdir}'
prefix='/usr/local'
program_transform_name='s,x,x,'
psdir='${docdir}'
sbindir='${exec_prefix}/sbin'
sharedstatedir='${prefix}/com'
sysconfdir='${prefix}/etc'
target_alias=''

## ----------- ##
## confdefs.h. ##
## ----------- ##

/* confdefs.h */
#define PACKAGE_NAME "libressl"
#define PACKAGE_TARNAME "libressl"
#define PACKAGE_VERSION "2.1.6"
#define PACKAGE_STRING "libressl 2.1.6"
#define PACKAGE_BUGREPORT ""
#define PACKAGE_URL ""
#define PACKAGE "libressl"
#define VERSION "2.1.6"
#define STDC_HEADERS 1
#define HAVE_SYS_TYPES_H 1
#define HAVE_SYS_STAT_H 1
#define HAVE_STDLIB_H 1
#define HAVE_STRING_H 1
#define HAVE_MEMORY_H 1
#define HAVE_STRINGS_H 1
#define HAVE_INTTYPES_H 1
#define HAVE_STDINT_H 1
#define HAVE_UNISTD_H 1
#define HAVE_DLFCN_H 1
#define LT_OBJDIR ".libs/"
#define HAVE_ASPRINTF 1
#define HAVE_GETAUXVAL 1
#define HAVE_MEMMEM 1
#define HAVE_POLL 1
#define HAVE_STRNDUP 1
#define HAVE_STRNLEN 1
#define HAVE_STRSEP 1
#define HAVE_SYMLINK 1
#define HAVE_VA_COPY 1
#define HAVE___VA_COPY 1
#define HAVE_SYS_SYSCTL_H 1
#define HAVE_ERR_H 1

configure: exit 0

## ---------------------- ##
## Running config.status. ##
## ---------------------- ##

This file was extended by libressl config.status 2.1.6, which was
generated by GNU Autoconf 2.69.  Invocation command line was

  CONFIG_FILES    = 
  CONFIG_HEADERS  = 
  CONFIG_LINKS    = 
  CONFIG_COMMANDS = 
  $ ./config.status 

on pseudopolis

config.status:1083: creating Makefile
config.status:1083: creating include/Makefile
config.status:1083: creating include/openssl/Makefile
config.status:1083: creating crypto/Makefile
config.status:1083: creating ssl/Makefile
config.status:1083: creating tls/Makefile
config.status:1083: creating tests/Makefile
config.status:1083: creating apps/Makefile
config.status:1083: creating man/Makefile
config.status:1083: creating libcrypto.pc
config.status:1083: creating libssl.pc
config.status:1083: creating libtls.pc
config.status:1083: creating openssl.pc
config.status:1255: executing depfiles commands
config.status:1255: executing libtool commands
